<?xml version="1.0" encoding="UTF-8"?>
<!-- Generated by org.testng.reporters.JUnitReportReporter -->
<testsuite hostname="LAPTOP-L9KSHG0Q" name="com.alertdemo.Alertforms" tests="1" failures="0" timestamp="14 Apr 2019 07:07:53 GMT" time="0.003" errors="1">
  <testcase name="Text" time="0.003" classname="com.alertdemo.Alertforms">
    <error type="org.openqa.selenium.WebDriverException" message="Failed to connect to binary FirefoxBinary(C:\Program Files (x86)\Mozilla Firefox\firefox.exe) on port 7055; process output follows: 
,&quot;contributors&quot;:[&quot;Mozilla Contributors&quot;]},&quot;visible&quot;:true,&quot;active&quot;:true,&quot;userDisabled&quot;:false,&quot;appDisabled&quot;:false,&quot;descriptor&quot;:&quot;C:\\Program Files (x86)\\Mozilla Firefox\\browser\\extensions\\{972ce4c6-7e08-4474-a285-3208198ce6fd}.xpi&quot;,&quot;installDate&quot;:1551102290142,&quot;updateDate&quot;:1551102290142,&quot;applyBackgroundUpdates&quot;:1,&quot;skinnable&quot;:true,&quot;size&quot;:22012,&quot;sourceURI&quot;:null,&quot;releaseNotesURI&quot;:null,&quot;softDisabled&quot;:false,&quot;foreignInstall&quot;:false,&quot;hasBinaryComponents&quot;:false,&quot;strictCompatibility&quot;:true,&quot;locales&quot;:[],&quot;targetApplications&quot;:[{&quot;id&quot;:&quot;{ec8030f7-c20a-464f-9b0e-13a3a9e97384}&quot;,&quot;minVersion&quot;:&quot;47.0.2&quot;,&quot;maxVersion&quot;:&quot;47.0.2&quot;}],&quot;targetPlatforms&quot;:[],&quot;seen&quot;:true}
1555225627816	addons.xpi	DEBUG	getModTime: Recursive scan of {972ce4c6-7e08-4474-a285-3208198ce6fd}
1555225627819	DeferredSave.extensions.json	DEBUG	Save changes
1555225627819	addons.xpi	DEBUG	Updating database with changes to installed add-ons
1555225627819	addons.xpi-utils	DEBUG	Updating add-on states
1555225627822	addons.xpi-utils	DEBUG	Writing add-ons list
1555225627834	addons.xpi	DEBUG	Registering manifest for C:\Program Files (x86)\Mozilla Firefox\browser\features\e10srollout@mozilla.org.xpi
1555225627836	addons.xpi	DEBUG	Calling bootstrap method startup on e10srollout@mozilla.org version 1.0
1555225627836	addons.xpi	DEBUG	Registering manifest for C:\Program Files (x86)\Mozilla Firefox\browser\features\firefox@getpocket.com.xpi
1555225627838	addons.xpi	DEBUG	Calling bootstrap method startup on firefox@getpocket.com version 1.0.2
1555225627839	addons.xpi	DEBUG	Registering manifest for C:\Program Files (x86)\Mozilla Firefox\browser\features\loop@mozilla.org.xpi
1555225627842	addons.xpi	DEBUG	Calling bootstrap method startup on loop@mozilla.org version 1.3.2
1555225627881	addons.xpi	DEBUG	Registering manifest for C:\Program Files (x86)\Mozilla Firefox\browser\features\websensehelper@mozilla.org.xpi
1555225627883	addons.xpi	DEBUG	Calling bootstrap method startup on websensehelper@mozilla.org version 1.0
1555225627889	addons.manager	DEBUG	Registering shutdown blocker for XPIProvider
1555225627889	addons.manager	DEBUG	Provider finished startup: XPIProvider
1555225627889	addons.manager	DEBUG	Starting provider: LightweightThemeManager
1555225627889	addons.manager	DEBUG	Registering shutdown blocker for LightweightThemeManager
1555225627890	addons.manager	DEBUG	Provider finished startup: LightweightThemeManager
1555225627891	addons.manager	DEBUG	Starting provider: GMPProvider
1555225627908	addons.manager	DEBUG	Registering shutdown blocker for GMPProvider
1555225627908	addons.manager	DEBUG	Provider finished startup: GMPProvider
1555225627909	addons.manager	DEBUG	Starting provider: PluginProvider
1555225627909	addons.manager	DEBUG	Registering shutdown blocker for PluginProvider
1555225627915	addons.manager	DEBUG	Provider finished startup: PluginProvider
1555225627916	addons.manager	DEBUG	Completed startup sequence
1555225629835	addons.manager	DEBUG	Starting provider: &lt;unnamed-provider&gt;
1555225629835	addons.manager	DEBUG	Registering shutdown blocker for &lt;unnamed-provider&gt;
1555225629835	addons.manager	DEBUG	Provider finished startup: &lt;unnamed-provider&gt;
1555225631293	DeferredSave.extensions.json	DEBUG	Write succeeded
1555225631294	addons.xpi-utils	DEBUG	XPI Database saved, setting schema version preference to 17
1555225631295	DeferredSave.extensions.json	DEBUG	Starting timer
1555225631366	DeferredSave.extensions.json	DEBUG	Starting write
1555225633130	addons.repository	DEBUG	No addons.json found.
1555225633131	DeferredSave.addons.json	DEBUG	Save changes
1555225633139	DeferredSave.addons.json	DEBUG	Starting timer
1555225633260	addons.manager	DEBUG	Starting provider: PreviousExperimentProvider
1555225633261	addons.manager	DEBUG	Registering shutdown blocker for PreviousExperimentProvider
1555225633261	addons.manager	DEBUG	Provider finished startup: PreviousExperimentProvider
1555225633268	DeferredSave.addons.json	DEBUG	Starting write
1555225633295	DeferredSave.extensions.json	DEBUG	Write succeeded
1555225633442	DeferredSave.addons.json	DEBUG	Write succeeded

Build info: version: &#039;2.52.0&#039;, revision: &#039;4c2593c&#039;, time: &#039;2016-02-11 19:06:42&#039;
System info: host: &#039;LAPTOP-L9KSHG0Q&#039;, ip: &#039;192.168.0.122&#039;, os.name: &#039;Windows 10&#039;, os.arch: &#039;x86&#039;, os.version: &#039;10.0&#039;, java.version: &#039;1.8.0_201&#039;
Driver info: driver.version: FirefoxDriver">
      <![CDATA[org.openqa.selenium.WebDriverException: Failed to connect to binary FirefoxBinary(C:\Program Files (x86)\Mozilla Firefox\firefox.exe) on port 7055; process output follows: 
,"contributors":["Mozilla Contributors"]},"visible":true,"active":true,"userDisabled":false,"appDisabled":false,"descriptor":"C:\\Program Files (x86)\\Mozilla Firefox\\browser\\extensions\\{972ce4c6-7e08-4474-a285-3208198ce6fd}.xpi","installDate":1551102290142,"updateDate":1551102290142,"applyBackgroundUpdates":1,"skinnable":true,"size":22012,"sourceURI":null,"releaseNotesURI":null,"softDisabled":false,"foreignInstall":false,"hasBinaryComponents":false,"strictCompatibility":true,"locales":[],"targetApplications":[{"id":"{ec8030f7-c20a-464f-9b0e-13a3a9e97384}","minVersion":"47.0.2","maxVersion":"47.0.2"}],"targetPlatforms":[],"seen":true}
1555225627816	addons.xpi	DEBUG	getModTime: Recursive scan of {972ce4c6-7e08-4474-a285-3208198ce6fd}
1555225627819	DeferredSave.extensions.json	DEBUG	Save changes
1555225627819	addons.xpi	DEBUG	Updating database with changes to installed add-ons
1555225627819	addons.xpi-utils	DEBUG	Updating add-on states
1555225627822	addons.xpi-utils	DEBUG	Writing add-ons list
1555225627834	addons.xpi	DEBUG	Registering manifest for C:\Program Files (x86)\Mozilla Firefox\browser\features\e10srollout@mozilla.org.xpi
1555225627836	addons.xpi	DEBUG	Calling bootstrap method startup on e10srollout@mozilla.org version 1.0
1555225627836	addons.xpi	DEBUG	Registering manifest for C:\Program Files (x86)\Mozilla Firefox\browser\features\firefox@getpocket.com.xpi
1555225627838	addons.xpi	DEBUG	Calling bootstrap method startup on firefox@getpocket.com version 1.0.2
1555225627839	addons.xpi	DEBUG	Registering manifest for C:\Program Files (x86)\Mozilla Firefox\browser\features\loop@mozilla.org.xpi
1555225627842	addons.xpi	DEBUG	Calling bootstrap method startup on loop@mozilla.org version 1.3.2
1555225627881	addons.xpi	DEBUG	Registering manifest for C:\Program Files (x86)\Mozilla Firefox\browser\features\websensehelper@mozilla.org.xpi
1555225627883	addons.xpi	DEBUG	Calling bootstrap method startup on websensehelper@mozilla.org version 1.0
1555225627889	addons.manager	DEBUG	Registering shutdown blocker for XPIProvider
1555225627889	addons.manager	DEBUG	Provider finished startup: XPIProvider
1555225627889	addons.manager	DEBUG	Starting provider: LightweightThemeManager
1555225627889	addons.manager	DEBUG	Registering shutdown blocker for LightweightThemeManager
1555225627890	addons.manager	DEBUG	Provider finished startup: LightweightThemeManager
1555225627891	addons.manager	DEBUG	Starting provider: GMPProvider
1555225627908	addons.manager	DEBUG	Registering shutdown blocker for GMPProvider
1555225627908	addons.manager	DEBUG	Provider finished startup: GMPProvider
1555225627909	addons.manager	DEBUG	Starting provider: PluginProvider
1555225627909	addons.manager	DEBUG	Registering shutdown blocker for PluginProvider
1555225627915	addons.manager	DEBUG	Provider finished startup: PluginProvider
1555225627916	addons.manager	DEBUG	Completed startup sequence
1555225629835	addons.manager	DEBUG	Starting provider: <unnamed-provider>
1555225629835	addons.manager	DEBUG	Registering shutdown blocker for <unnamed-provider>
1555225629835	addons.manager	DEBUG	Provider finished startup: <unnamed-provider>
1555225631293	DeferredSave.extensions.json	DEBUG	Write succeeded
1555225631294	addons.xpi-utils	DEBUG	XPI Database saved, setting schema version preference to 17
1555225631295	DeferredSave.extensions.json	DEBUG	Starting timer
1555225631366	DeferredSave.extensions.json	DEBUG	Starting write
1555225633130	addons.repository	DEBUG	No addons.json found.
1555225633131	DeferredSave.addons.json	DEBUG	Save changes
1555225633139	DeferredSave.addons.json	DEBUG	Starting timer
1555225633260	addons.manager	DEBUG	Starting provider: PreviousExperimentProvider
1555225633261	addons.manager	DEBUG	Registering shutdown blocker for PreviousExperimentProvider
1555225633261	addons.manager	DEBUG	Provider finished startup: PreviousExperimentProvider
1555225633268	DeferredSave.addons.json	DEBUG	Starting write
1555225633295	DeferredSave.extensions.json	DEBUG	Write succeeded
1555225633442	DeferredSave.addons.json	DEBUG	Write succeeded

Build info: version: '2.52.0', revision: '4c2593c', time: '2016-02-11 19:06:42'
System info: host: 'LAPTOP-L9KSHG0Q', ip: '192.168.0.122', os.name: 'Windows 10', os.arch: 'x86', os.version: '10.0', java.version: '1.8.0_201'
Driver info: driver.version: FirefoxDriver
	at org.openqa.selenium.firefox.internal.NewProfileExtensionConnection.start(NewProfileExtensionConnection.java:124)
	at org.openqa.selenium.firefox.FirefoxDriver.startClient(FirefoxDriver.java:271)
	at org.openqa.selenium.remote.RemoteWebDriver.<init>(RemoteWebDriver.java:119)
	at org.openqa.selenium.firefox.FirefoxDriver.<init>(FirefoxDriver.java:218)
	at org.openqa.selenium.firefox.FirefoxDriver.<init>(FirefoxDriver.java:211)
	at org.openqa.selenium.firefox.FirefoxDriver.<init>(FirefoxDriver.java:207)
	at org.openqa.selenium.firefox.FirefoxDriver.<init>(FirefoxDriver.java:120)
	at com.alertdemo.Alertforms.setup(Alertforms.java:19)
	at sun.reflect.NativeMethodAccessorImpl.invoke0(Native Method)
	at sun.reflect.NativeMethodAccessorImpl.invoke(Unknown Source)
	at sun.reflect.DelegatingMethodAccessorImpl.invoke(Unknown Source)
	at java.lang.reflect.Method.invoke(Unknown Source)
	at org.testng.internal.MethodInvocationHelper.invokeMethod(MethodInvocationHelper.java:85)
	at org.testng.internal.Invoker.invokeConfigurationMethod(Invoker.java:510)
	at org.testng.internal.Invoker.invokeConfigurations(Invoker.java:211)
	at org.testng.internal.Invoker.invokeConfigurations(Invoker.java:138)
	at org.testng.TestRunner.beforeRun(TestRunner.java:648)
	at org.testng.TestRunner.run(TestRunner.java:616)
	at org.testng.SuiteRunner.runTest(SuiteRunner.java:359)
	at org.testng.SuiteRunner.runSequentially(SuiteRunner.java:354)
	at org.testng.SuiteRunner.privateRun(SuiteRunner.java:312)
	at org.testng.SuiteRunner.run(SuiteRunner.java:261)
	at org.testng.SuiteRunnerWorker.runSuite(SuiteRunnerWorker.java:52)
	at org.testng.SuiteRunnerWorker.run(SuiteRunnerWorker.java:86)
	at org.testng.TestNG.runSuitesSequentially(TestNG.java:1215)
	at org.testng.TestNG.runSuitesLocally(TestNG.java:1140)
	at org.testng.TestNG.run(TestNG.java:1048)
	at org.testng.remote.AbstractRemoteTestNG.run(AbstractRemoteTestNG.java:114)
	at org.testng.remote.RemoteTestNG.initAndRun(RemoteTestNG.java:251)
	at org.testng.remote.RemoteTestNG.main(RemoteTestNG.java:77)
Caused by: org.openqa.selenium.firefox.NotConnectedException: Unable to connect to host 127.0.0.1 on port 7055 after 45000 ms. Firefox console output:
,"contributors":["Mozilla Contributors"]},"visible":true,"active":true,"userDisabled":false,"appDisabled":false,"descriptor":"C:\\Program Files (x86)\\Mozilla Firefox\\browser\\extensions\\{972ce4c6-7e08-4474-a285-3208198ce6fd}.xpi","installDate":1551102290142,"updateDate":1551102290142,"applyBackgroundUpdates":1,"skinnable":true,"size":22012,"sourceURI":null,"releaseNotesURI":null,"softDisabled":false,"foreignInstall":false,"hasBinaryComponents":false,"strictCompatibility":true,"locales":[],"targetApplications":[{"id":"{ec8030f7-c20a-464f-9b0e-13a3a9e97384}","minVersion":"47.0.2","maxVersion":"47.0.2"}],"targetPlatforms":[],"seen":true}
1555225627816	addons.xpi	DEBUG	getModTime: Recursive scan of {972ce4c6-7e08-4474-a285-3208198ce6fd}
1555225627819	DeferredSave.extensions.json	DEBUG	Save changes
1555225627819	addons.xpi	DEBUG	Updating database with changes to installed add-ons
1555225627819	addons.xpi-utils	DEBUG	Updating add-on states
1555225627822	addons.xpi-utils	DEBUG	Writing add-ons list
1555225627834	addons.xpi	DEBUG	Registering manifest for C:\Program Files (x86)\Mozilla Firefox\browser\features\e10srollout@mozilla.org.xpi
1555225627836	addons.xpi	DEBUG	Calling bootstrap method startup on e10srollout@mozilla.org version 1.0
1555225627836	addons.xpi	DEBUG	Registering manifest for C:\Program Files (x86)\Mozilla Firefox\browser\features\firefox@getpocket.com.xpi
1555225627838	addons.xpi	DEBUG	Calling bootstrap method startup on firefox@getpocket.com version 1.0.2
1555225627839	addons.xpi	DEBUG	Registering manifest for C:\Program Files (x86)\Mozilla Firefox\browser\features\loop@mozilla.org.xpi
1555225627842	addons.xpi	DEBUG	Calling bootstrap method startup on loop@mozilla.org version 1.3.2
1555225627881	addons.xpi	DEBUG	Registering manifest for C:\Program Files (x86)\Mozilla Firefox\browser\features\websensehelper@mozilla.org.xpi
1555225627883	addons.xpi	DEBUG	Calling bootstrap method startup on websensehelper@mozilla.org version 1.0
1555225627889	addons.manager	DEBUG	Registering shutdown blocker for XPIProvider
1555225627889	addons.manager	DEBUG	Provider finished startup: XPIProvider
1555225627889	addons.manager	DEBUG	Starting provider: LightweightThemeManager
1555225627889	addons.manager	DEBUG	Registering shutdown blocker for LightweightThemeManager
1555225627890	addons.manager	DEBUG	Provider finished startup: LightweightThemeManager
1555225627891	addons.manager	DEBUG	Starting provider: GMPProvider
1555225627908	addons.manager	DEBUG	Registering shutdown blocker for GMPProvider
1555225627908	addons.manager	DEBUG	Provider finished startup: GMPProvider
1555225627909	addons.manager	DEBUG	Starting provider: PluginProvider
1555225627909	addons.manager	DEBUG	Registering shutdown blocker for PluginProvider
1555225627915	addons.manager	DEBUG	Provider finished startup: PluginProvider
1555225627916	addons.manager	DEBUG	Completed startup sequence
1555225629835	addons.manager	DEBUG	Starting provider: <unnamed-provider>
1555225629835	addons.manager	DEBUG	Registering shutdown blocker for <unnamed-provider>
1555225629835	addons.manager	DEBUG	Provider finished startup: <unnamed-provider>
1555225631293	DeferredSave.extensions.json	DEBUG	Write succeeded
1555225631294	addons.xpi-utils	DEBUG	XPI Database saved, setting schema version preference to 17
1555225631295	DeferredSave.extensions.json	DEBUG	Starting timer
1555225631366	DeferredSave.extensions.json	DEBUG	Starting write
1555225633130	addons.repository	DEBUG	No addons.json found.
1555225633131	DeferredSave.addons.json	DEBUG	Save changes
1555225633139	DeferredSave.addons.json	DEBUG	Starting timer
1555225633260	addons.manager	DEBUG	Starting provider: PreviousExperimentProvider
1555225633261	addons.manager	DEBUG	Registering shutdown blocker for PreviousExperimentProvider
1555225633261	addons.manager	DEBUG	Provider finished startup: PreviousExperimentProvider
1555225633268	DeferredSave.addons.json	DEBUG	Starting write
1555225633295	DeferredSave.extensions.json	DEBUG	Write succeeded
1555225633442	DeferredSave.addons.json	DEBUG	Write succeeded

	at org.openqa.selenium.firefox.internal.NewProfileExtensionConnection.start(NewProfileExtensionConnection.java:112)
	... 29 more
]]>
    </error>
  </testcase> <!-- Text -->
</testsuite> <!-- com.alertdemo.Alertforms -->
