<?xml version="1.0" encoding="UTF-8"?>
<!-- Generated by org.testng.reporters.JUnitReportReporter -->
<testsuite hostname="LAPTOP-L9KSHG0Q" name="com.googlesearchoptions.Demo" tests="1" failures="0" timestamp="14 Apr 2019 10:57:39 GMT" time="0.002" errors="1">
  <testcase name="SearchSuggestion" time="0.002" classname="com.googlesearchoptions.Demo">
    <error type="org.openqa.selenium.WebDriverException" message="Failed to connect to binary FirefoxBinary(C:\Program Files (x86)\Mozilla Firefox\firefox.exe) on port 7055; process output follows: 
	DEBUG	Calling bootstrap method startup on e10srollout@mozilla.org version 1.0
1555239418825	addons.xpi	DEBUG	Registering manifest for C:\Program Files (x86)\Mozilla Firefox\browser\features\firefox@getpocket.com.xpi
1555239418828	addons.xpi	DEBUG	Calling bootstrap method startup on firefox@getpocket.com version 1.0.2
1555239418830	addons.xpi	DEBUG	Registering manifest for C:\Program Files (x86)\Mozilla Firefox\browser\features\loop@mozilla.org.xpi
1555239418833	addons.xpi	DEBUG	Calling bootstrap method startup on loop@mozilla.org version 1.3.2
1555239418955	addons.xpi	DEBUG	Registering manifest for C:\Program Files (x86)\Mozilla Firefox\browser\features\websensehelper@mozilla.org.xpi
1555239418957	addons.xpi	DEBUG	Calling bootstrap method startup on websensehelper@mozilla.org version 1.0
1555239418965	addons.manager	DEBUG	Registering shutdown blocker for XPIProvider
1555239418965	addons.manager	DEBUG	Provider finished startup: XPIProvider
1555239418965	addons.manager	DEBUG	Starting provider: LightweightThemeManager
1555239418966	addons.manager	DEBUG	Registering shutdown blocker for LightweightThemeManager
1555239418967	addons.manager	DEBUG	Provider finished startup: LightweightThemeManager
1555239418968	addons.manager	DEBUG	Starting provider: GMPProvider
1555239419006	addons.manager	DEBUG	Registering shutdown blocker for GMPProvider
1555239419007	addons.manager	DEBUG	Provider finished startup: GMPProvider
1555239419008	addons.manager	DEBUG	Starting provider: PluginProvider
1555239419009	addons.manager	DEBUG	Registering shutdown blocker for PluginProvider
1555239419027	addons.manager	DEBUG	Provider finished startup: PluginProvider
1555239419028	addons.manager	DEBUG	Completed startup sequence
1555239422802	addons.manager	DEBUG	Starting provider: &lt;unnamed-provider&gt;
1555239422802	addons.manager	DEBUG	Registering shutdown blocker for &lt;unnamed-provider&gt;
1555239422803	addons.manager	DEBUG	Provider finished startup: &lt;unnamed-provider&gt;
1555239427528	DeferredSave.extensions.json	DEBUG	Write succeeded
1555239427529	addons.xpi-utils	DEBUG	XPI Database saved, setting schema version preference to 17
1555239427529	DeferredSave.extensions.json	DEBUG	Starting timer
1555239427556	DeferredSave.extensions.json	DEBUG	Starting write
1555239427672	addons.repository	DEBUG	No addons.json found.
1555239427718	DeferredSave.addons.json	DEBUG	Save changes
1555239427741	DeferredSave.addons.json	DEBUG	Starting timer
1555239428269	addons.manager	DEBUG	Starting provider: PreviousExperimentProvider
1555239428270	addons.manager	DEBUG	Registering shutdown blocker for PreviousExperimentProvider
1555239428270	addons.manager	DEBUG	Provider finished startup: PreviousExperimentProvider
1555239428280	DeferredSave.addons.json	DEBUG	Starting write
1555239428325	DeferredSave.extensions.json	DEBUG	Write succeeded
1555239431093	DeferredSave.addons.json	DEBUG	Write succeeded
1555239437858	addons.xpi	DEBUG	Calling bootstrap method shutdown on e10srollout@mozilla.org version 1.0
1555239437863	addons.xpi	DEBUG	Calling bootstrap method shutdown on firefox@getpocket.com version 1.0.2
1555239437864	addons.xpi	DEBUG	Calling bootstrap method shutdown on loop@mozilla.org version 1.3.2
1555239437886	addons.xpi	DEBUG	Calling bootstrap method shutdown on websensehelper@mozilla.org version 1.0
1555239438803	addons.manager	DEBUG	shutdown
1555239438805	addons.manager	DEBUG	Calling shutdown blocker for XPIProvider
1555239438805	addons.xpi	DEBUG	shutdown
1555239438806	addons.xpi-utils	DEBUG	shutdown
1555239438808	addons.manager	DEBUG	Calling shutdown blocker for LightweightThemeManager
1555239438810	addons.manager	DEBUG	Calling shutdown blocker for GMPProvider
1555239438815	addons.manager	DEBUG	Calling shutdown blocker for PluginProvider
1555239438817	addons.manager	DEBUG	Calling shutdown blocker for &lt;unnamed-provider&gt;
1555239438822	addons.manager	DEBUG	Calling shutdown blocker for PreviousExperimentProvider
1555239438832	addons.xpi	DEBUG	Notifying XPI shutdown observers
1555239438841	addons.manager	DEBUG	Async provider shutdown done

Build info: version: &#039;2.52.0&#039;, revision: &#039;4c2593c&#039;, time: &#039;2016-02-11 19:06:42&#039;
System info: host: &#039;LAPTOP-L9KSHG0Q&#039;, ip: &#039;192.168.0.122&#039;, os.name: &#039;Windows 10&#039;, os.arch: &#039;x86&#039;, os.version: &#039;10.0&#039;, java.version: &#039;1.8.0_201&#039;
Driver info: driver.version: FirefoxDriver">
      <![CDATA[org.openqa.selenium.WebDriverException: Failed to connect to binary FirefoxBinary(C:\Program Files (x86)\Mozilla Firefox\firefox.exe) on port 7055; process output follows: 
	DEBUG	Calling bootstrap method startup on e10srollout@mozilla.org version 1.0
1555239418825	addons.xpi	DEBUG	Registering manifest for C:\Program Files (x86)\Mozilla Firefox\browser\features\firefox@getpocket.com.xpi
1555239418828	addons.xpi	DEBUG	Calling bootstrap method startup on firefox@getpocket.com version 1.0.2
1555239418830	addons.xpi	DEBUG	Registering manifest for C:\Program Files (x86)\Mozilla Firefox\browser\features\loop@mozilla.org.xpi
1555239418833	addons.xpi	DEBUG	Calling bootstrap method startup on loop@mozilla.org version 1.3.2
1555239418955	addons.xpi	DEBUG	Registering manifest for C:\Program Files (x86)\Mozilla Firefox\browser\features\websensehelper@mozilla.org.xpi
1555239418957	addons.xpi	DEBUG	Calling bootstrap method startup on websensehelper@mozilla.org version 1.0
1555239418965	addons.manager	DEBUG	Registering shutdown blocker for XPIProvider
1555239418965	addons.manager	DEBUG	Provider finished startup: XPIProvider
1555239418965	addons.manager	DEBUG	Starting provider: LightweightThemeManager
1555239418966	addons.manager	DEBUG	Registering shutdown blocker for LightweightThemeManager
1555239418967	addons.manager	DEBUG	Provider finished startup: LightweightThemeManager
1555239418968	addons.manager	DEBUG	Starting provider: GMPProvider
1555239419006	addons.manager	DEBUG	Registering shutdown blocker for GMPProvider
1555239419007	addons.manager	DEBUG	Provider finished startup: GMPProvider
1555239419008	addons.manager	DEBUG	Starting provider: PluginProvider
1555239419009	addons.manager	DEBUG	Registering shutdown blocker for PluginProvider
1555239419027	addons.manager	DEBUG	Provider finished startup: PluginProvider
1555239419028	addons.manager	DEBUG	Completed startup sequence
1555239422802	addons.manager	DEBUG	Starting provider: <unnamed-provider>
1555239422802	addons.manager	DEBUG	Registering shutdown blocker for <unnamed-provider>
1555239422803	addons.manager	DEBUG	Provider finished startup: <unnamed-provider>
1555239427528	DeferredSave.extensions.json	DEBUG	Write succeeded
1555239427529	addons.xpi-utils	DEBUG	XPI Database saved, setting schema version preference to 17
1555239427529	DeferredSave.extensions.json	DEBUG	Starting timer
1555239427556	DeferredSave.extensions.json	DEBUG	Starting write
1555239427672	addons.repository	DEBUG	No addons.json found.
1555239427718	DeferredSave.addons.json	DEBUG	Save changes
1555239427741	DeferredSave.addons.json	DEBUG	Starting timer
1555239428269	addons.manager	DEBUG	Starting provider: PreviousExperimentProvider
1555239428270	addons.manager	DEBUG	Registering shutdown blocker for PreviousExperimentProvider
1555239428270	addons.manager	DEBUG	Provider finished startup: PreviousExperimentProvider
1555239428280	DeferredSave.addons.json	DEBUG	Starting write
1555239428325	DeferredSave.extensions.json	DEBUG	Write succeeded
1555239431093	DeferredSave.addons.json	DEBUG	Write succeeded
1555239437858	addons.xpi	DEBUG	Calling bootstrap method shutdown on e10srollout@mozilla.org version 1.0
1555239437863	addons.xpi	DEBUG	Calling bootstrap method shutdown on firefox@getpocket.com version 1.0.2
1555239437864	addons.xpi	DEBUG	Calling bootstrap method shutdown on loop@mozilla.org version 1.3.2
1555239437886	addons.xpi	DEBUG	Calling bootstrap method shutdown on websensehelper@mozilla.org version 1.0
1555239438803	addons.manager	DEBUG	shutdown
1555239438805	addons.manager	DEBUG	Calling shutdown blocker for XPIProvider
1555239438805	addons.xpi	DEBUG	shutdown
1555239438806	addons.xpi-utils	DEBUG	shutdown
1555239438808	addons.manager	DEBUG	Calling shutdown blocker for LightweightThemeManager
1555239438810	addons.manager	DEBUG	Calling shutdown blocker for GMPProvider
1555239438815	addons.manager	DEBUG	Calling shutdown blocker for PluginProvider
1555239438817	addons.manager	DEBUG	Calling shutdown blocker for <unnamed-provider>
1555239438822	addons.manager	DEBUG	Calling shutdown blocker for PreviousExperimentProvider
1555239438832	addons.xpi	DEBUG	Notifying XPI shutdown observers
1555239438841	addons.manager	DEBUG	Async provider shutdown done

Build info: version: '2.52.0', revision: '4c2593c', time: '2016-02-11 19:06:42'
System info: host: 'LAPTOP-L9KSHG0Q', ip: '192.168.0.122', os.name: 'Windows 10', os.arch: 'x86', os.version: '10.0', java.version: '1.8.0_201'
Driver info: driver.version: FirefoxDriver
	at org.openqa.selenium.firefox.internal.NewProfileExtensionConnection.start(NewProfileExtensionConnection.java:124)
	at org.openqa.selenium.firefox.FirefoxDriver.startClient(FirefoxDriver.java:271)
	at org.openqa.selenium.remote.RemoteWebDriver.<init>(RemoteWebDriver.java:119)
	at org.openqa.selenium.firefox.FirefoxDriver.<init>(FirefoxDriver.java:218)
	at org.openqa.selenium.firefox.FirefoxDriver.<init>(FirefoxDriver.java:211)
	at org.openqa.selenium.firefox.FirefoxDriver.<init>(FirefoxDriver.java:207)
	at org.openqa.selenium.firefox.FirefoxDriver.<init>(FirefoxDriver.java:120)
	at com.googlesearchoptions.Demo.start(Demo.java:20)
	at sun.reflect.NativeMethodAccessorImpl.invoke0(Native Method)
	at sun.reflect.NativeMethodAccessorImpl.invoke(Unknown Source)
	at sun.reflect.DelegatingMethodAccessorImpl.invoke(Unknown Source)
	at java.lang.reflect.Method.invoke(Unknown Source)
	at org.testng.internal.MethodInvocationHelper.invokeMethod(MethodInvocationHelper.java:85)
	at org.testng.internal.Invoker.invokeConfigurationMethod(Invoker.java:510)
	at org.testng.internal.Invoker.invokeConfigurations(Invoker.java:211)
	at org.testng.internal.Invoker.invokeConfigurations(Invoker.java:138)
	at org.testng.TestRunner.beforeRun(TestRunner.java:648)
	at org.testng.TestRunner.run(TestRunner.java:616)
	at org.testng.SuiteRunner.runTest(SuiteRunner.java:359)
	at org.testng.SuiteRunner.runSequentially(SuiteRunner.java:354)
	at org.testng.SuiteRunner.privateRun(SuiteRunner.java:312)
	at org.testng.SuiteRunner.run(SuiteRunner.java:261)
	at org.testng.SuiteRunnerWorker.runSuite(SuiteRunnerWorker.java:52)
	at org.testng.SuiteRunnerWorker.run(SuiteRunnerWorker.java:86)
	at org.testng.TestNG.runSuitesSequentially(TestNG.java:1215)
	at org.testng.TestNG.runSuitesLocally(TestNG.java:1140)
	at org.testng.TestNG.run(TestNG.java:1048)
	at org.testng.remote.AbstractRemoteTestNG.run(AbstractRemoteTestNG.java:114)
	at org.testng.remote.RemoteTestNG.initAndRun(RemoteTestNG.java:251)
	at org.testng.remote.RemoteTestNG.main(RemoteTestNG.java:77)
Caused by: org.openqa.selenium.firefox.NotConnectedException: Unable to connect to host 127.0.0.1 on port 7055 after 45000 ms. Firefox console output:
	DEBUG	Calling bootstrap method startup on e10srollout@mozilla.org version 1.0
1555239418825	addons.xpi	DEBUG	Registering manifest for C:\Program Files (x86)\Mozilla Firefox\browser\features\firefox@getpocket.com.xpi
1555239418828	addons.xpi	DEBUG	Calling bootstrap method startup on firefox@getpocket.com version 1.0.2
1555239418830	addons.xpi	DEBUG	Registering manifest for C:\Program Files (x86)\Mozilla Firefox\browser\features\loop@mozilla.org.xpi
1555239418833	addons.xpi	DEBUG	Calling bootstrap method startup on loop@mozilla.org version 1.3.2
1555239418955	addons.xpi	DEBUG	Registering manifest for C:\Program Files (x86)\Mozilla Firefox\browser\features\websensehelper@mozilla.org.xpi
1555239418957	addons.xpi	DEBUG	Calling bootstrap method startup on websensehelper@mozilla.org version 1.0
1555239418965	addons.manager	DEBUG	Registering shutdown blocker for XPIProvider
1555239418965	addons.manager	DEBUG	Provider finished startup: XPIProvider
1555239418965	addons.manager	DEBUG	Starting provider: LightweightThemeManager
1555239418966	addons.manager	DEBUG	Registering shutdown blocker for LightweightThemeManager
1555239418967	addons.manager	DEBUG	Provider finished startup: LightweightThemeManager
1555239418968	addons.manager	DEBUG	Starting provider: GMPProvider
1555239419006	addons.manager	DEBUG	Registering shutdown blocker for GMPProvider
1555239419007	addons.manager	DEBUG	Provider finished startup: GMPProvider
1555239419008	addons.manager	DEBUG	Starting provider: PluginProvider
1555239419009	addons.manager	DEBUG	Registering shutdown blocker for PluginProvider
1555239419027	addons.manager	DEBUG	Provider finished startup: PluginProvider
1555239419028	addons.manager	DEBUG	Completed startup sequence
1555239422802	addons.manager	DEBUG	Starting provider: <unnamed-provider>
1555239422802	addons.manager	DEBUG	Registering shutdown blocker for <unnamed-provider>
1555239422803	addons.manager	DEBUG	Provider finished startup: <unnamed-provider>
1555239427528	DeferredSave.extensions.json	DEBUG	Write succeeded
1555239427529	addons.xpi-utils	DEBUG	XPI Database saved, setting schema version preference to 17
1555239427529	DeferredSave.extensions.json	DEBUG	Starting timer
1555239427556	DeferredSave.extensions.json	DEBUG	Starting write
1555239427672	addons.repository	DEBUG	No addons.json found.
1555239427718	DeferredSave.addons.json	DEBUG	Save changes
1555239427741	DeferredSave.addons.json	DEBUG	Starting timer
1555239428269	addons.manager	DEBUG	Starting provider: PreviousExperimentProvider
1555239428270	addons.manager	DEBUG	Registering shutdown blocker for PreviousExperimentProvider
1555239428270	addons.manager	DEBUG	Provider finished startup: PreviousExperimentProvider
1555239428280	DeferredSave.addons.json	DEBUG	Starting write
1555239428325	DeferredSave.extensions.json	DEBUG	Write succeeded
1555239431093	DeferredSave.addons.json	DEBUG	Write succeeded
1555239437858	addons.xpi	DEBUG	Calling bootstrap method shutdown on e10srollout@mozilla.org version 1.0
1555239437863	addons.xpi	DEBUG	Calling bootstrap method shutdown on firefox@getpocket.com version 1.0.2
1555239437864	addons.xpi	DEBUG	Calling bootstrap method shutdown on loop@mozilla.org version 1.3.2
1555239437886	addons.xpi	DEBUG	Calling bootstrap method shutdown on websensehelper@mozilla.org version 1.0
1555239438803	addons.manager	DEBUG	shutdown
1555239438805	addons.manager	DEBUG	Calling shutdown blocker for XPIProvider
1555239438805	addons.xpi	DEBUG	shutdown
1555239438806	addons.xpi-utils	DEBUG	shutdown
1555239438808	addons.manager	DEBUG	Calling shutdown blocker for LightweightThemeManager
1555239438810	addons.manager	DEBUG	Calling shutdown blocker for GMPProvider
1555239438815	addons.manager	DEBUG	Calling shutdown blocker for PluginProvider
1555239438817	addons.manager	DEBUG	Calling shutdown blocker for <unnamed-provider>
1555239438822	addons.manager	DEBUG	Calling shutdown blocker for PreviousExperimentProvider
1555239438832	addons.xpi	DEBUG	Notifying XPI shutdown observers
1555239438841	addons.manager	DEBUG	Async provider shutdown done

	at org.openqa.selenium.firefox.internal.NewProfileExtensionConnection.start(NewProfileExtensionConnection.java:112)
	... 29 more
]]>
    </error>
  </testcase> <!-- SearchSuggestion -->
</testsuite> <!-- com.googlesearchoptions.Demo -->
